<?xml version="1.0" encoding="UTF-8"?>
<testsuite xmlns:xsi="http://www.w3.org/2001/XMLSchema-instance" xsi:noNamespaceSchemaLocation="https://maven.apache.org/surefire/maven-surefire-plugin/xsd/surefire-test-report.xsd" name="BBC Test UI" time="82.259" tests="3" errors="0" skipped="0" failures="0">
  <properties>
[...]
</properties>
  <testcase name="Tap on Video Tab and validate “BBC News Channel” text then scroll down and validate “Copyright © 2018 BBC”" classname="BBC Test UI" time="37.022"/>
  <testcase name="Click on Search icon then search for “England” or select from the More Topics.Verify the Navigation bar text" classname="BBC Test UI" time="26.8"/>
  <testcase name="Navigate back to the home page and Verify the Home page text" classname="BBC Test UI" time="18.433"/>
</testsuite>